  [1m[36mSQL (1.3ms)[0m  [1m SELECT name
 FROM sqlite_master
 WHERE type = 'table' AND NOT name = 'sqlite_sequence'
[0m
  [1m[35mSQL (0.1ms)[0m  select sqlite_version(*)
  [1m[36mSQL (38.4ms)[0m  [1mCREATE TABLE "schema_migrations" ("version" varchar(255) NOT NULL) [0m
  [1m[35mSQL (0.1ms)[0m  PRAGMA index_list("schema_migrations")
  [1m[36mSQL (2.8ms)[0m  [1mCREATE UNIQUE INDEX "unique_schema_migrations" ON "schema_migrations" ("version")[0m
  [1m[35mSQL (0.1ms)[0m   SELECT name
 FROM sqlite_master
 WHERE type = 'table' AND NOT name = 'sqlite_sequence'
  [1m[36mSQL (0.1ms)[0m  [1m SELECT name
 FROM sqlite_master
 WHERE type = 'table' AND NOT name = 'sqlite_sequence'
[0m
  [1m[35mSQL (0.1ms)[0m  SELECT "schema_migrations"."version" FROM "schema_migrations"
Migrating to CreateBooks (20111228194051)
  [1m[36mSQL (0.4ms)[0m  [1mCREATE TABLE "books" ("id" INTEGER PRIMARY KEY AUTOINCREMENT NOT NULL, "title" varchar(255), "author" varchar(255), "isbn" varchar(255), "price" decimal, "created_at" datetime, "updated_at" datetime) [0m
  [1m[35mSQL (0.1ms)[0m  INSERT INTO "schema_migrations" ("version") VALUES ('20111228194051')
  [1m[36mSQL (0.2ms)[0m  [1m SELECT name
 FROM sqlite_master
 WHERE type = 'table' AND NOT name = 'sqlite_sequence'
[0m
  [1m[35mSQL (0.1ms)[0m  SELECT "schema_migrations"."version" FROM "schema_migrations"
  [1m[36mSQL (0.1ms)[0m  [1m SELECT name
 FROM sqlite_master
 WHERE type = 'table' AND NOT name = 'sqlite_sequence'
[0m
  [1m[35mSQL (0.0ms)[0m  PRAGMA index_list("books")
DEPRECATION WARNING: config.action_view.debug_rjs will be removed in 3.1, from 3.1 onwards you will need to install prototype-rails to continue to use RJS templates . (called from service at /usr/local/rvm/rubies/ruby-1.9.2-p180/lib/ruby/1.9.1/webrick/httpserver.rb:111)


Started GET "/rails/info/properties" for 192.168.0.17 at 2011-12-28 13:45:54 -0600
  Processing by Rails::InfoController#properties as HTML
  [1m[36mSQL (1.3ms)[0m  [1m SELECT name
 FROM sqlite_master
 WHERE type = 'table' AND NOT name = 'sqlite_sequence'
[0m
  [1m[35mSQL (0.1ms)[0m   SELECT name
 FROM sqlite_master
 WHERE type = 'table' AND NOT name = 'sqlite_sequence'
  [1m[36mSQL (0.1ms)[0m  [1mSELECT "schema_migrations"."version" FROM "schema_migrations"[0m
Rendered inline template (0.4ms)
Completed 200 OK in 32ms (Views: 1.1ms | ActiveRecord: 1.4ms)


Started GET "/rails/info/properties" for 192.168.0.17 at 2011-12-28 13:45:56 -0600
  Processing by Rails::InfoController#properties as HTML
Rendered inline template (0.4ms)
Completed 200 OK in 1ms (Views: 0.7ms | ActiveRecord: 0.0ms)


Started GET "/books" for 192.168.0.17 at 2011-12-28 13:46:02 -0600
  Processing by BooksController#index as HTML
  [1m[35mBook Load (0.3ms)[0m  SELECT "books".* FROM "books"
Rendered books/index.html.erb within layouts/application (2.0ms)
Completed 200 OK in 94ms (Views: 5.5ms | ActiveRecord: 0.3ms)


Started POST "/books" for 192.168.0.17 at 2011-12-28 13:50:31 -0600
  Processing by BooksController#create as XML
  Parameters: {"book"=>{"author"=>"Ex Emel", "created_at"=>2008-05-26 05:58:38 UTC, "id"=>2, "isbn"=>"1234567890", "price"=>#<BigDecimal:a0b0dc4,'0.3499E2',8(8)>, "title"=>"Posted via XML 2", "updated_at"=>2008-05-26 05:58:38 UTC}}
WARNING: Can't mass-assign protected attributes: id
  [1m[36mAREL (0.5ms)[0m  [1mINSERT INTO "books" ("title", "author", "isbn", "price", "created_at", "updated_at") VALUES ('Posted via XML 2', 'Ex Emel', '1234567890', 34.99, '2008-05-26 05:58:38.000000', '2008-05-26 05:58:38.000000')[0m
Completed 201 Created in 116ms (Views: 29.5ms | ActiveRecord: 0.5ms)


Started GET "/books" for 192.168.0.17 at 2011-12-28 13:50:54 -0600
  Processing by BooksController#index as HTML
  [1m[35mBook Load (0.4ms)[0m  SELECT "books".* FROM "books"
Rendered books/index.html.erb within layouts/application (11.9ms)
Completed 200 OK in 23ms (Views: 15.4ms | ActiveRecord: 0.4ms)


Started POST "/books" for 192.168.0.17 at 2011-12-28 13:54:33 -0600
  Processing by BooksController#create as XML
  Parameters: {"book"=>{"author"=>"Ex Emel", "created_at"=>2008-05-26 05:58:38 UTC, "id"=>2, "isbn"=>"1234567890", "price"=>#<BigDecimal:a1890e8,'0.3499E2',8(8)>, "title"=>"Posted via XML 2", "updated_at"=>2008-05-26 05:58:38 UTC}}
WARNING: Can't mass-assign protected attributes: id
  [1m[36mAREL (0.3ms)[0m  [1mINSERT INTO "books" ("title", "author", "isbn", "price", "created_at", "updated_at") VALUES ('Posted via XML 2', 'Ex Emel', '1234567890', 34.99, '2008-05-26 05:58:38.000000', '2008-05-26 05:58:38.000000')[0m
Completed 201 Created in 34ms (Views: 2.7ms | ActiveRecord: 0.3ms)


Started POST "/books" for 192.168.0.17 at 2011-12-28 13:56:38 -0600
  Processing by BooksController#create as XML
  Parameters: {"book"=>{"author"=>"Ex Emel", "created_at"=>2008-05-26 05:58:38 UTC, "id"=>2, "isbn"=>"1234567890", "price"=>#<BigDecimal:9fa6294,'0.3499E2',8(8)>, "title"=>"Posted via XML 2", "updated_at"=>2008-05-26 05:58:38 UTC}}
WARNING: Can't mass-assign protected attributes: id
  [1m[35mAREL (0.3ms)[0m  INSERT INTO "books" ("title", "author", "isbn", "price", "created_at", "updated_at") VALUES ('Posted via XML 2', 'Ex Emel', '1234567890', 34.99, '2008-05-26 05:58:38.000000', '2008-05-26 05:58:38.000000')
Completed 201 Created in 104ms (Views: 3.2ms | ActiveRecord: 0.3ms)


Started POST "/books" for 192.168.0.17 at 2011-12-28 13:57:08 -0600
  Processing by BooksController#create as XML
  Parameters: {"book"=>{"author"=>"Ex Emel", "created_at"=>2008-05-26 05:58:38 UTC, "id"=>2, "isbn"=>"1234567890", "price"=>#<BigDecimal:a1b1278,'0.3499E2',8(8)>, "title"=>"Posted via XML 2", "updated_at"=>2008-05-26 05:58:38 UTC}}
WARNING: Can't mass-assign protected attributes: id
  [1m[36mAREL (0.3ms)[0m  [1mINSERT INTO "books" ("title", "author", "isbn", "price", "created_at", "updated_at") VALUES ('Posted via XML 2', 'Ex Emel', '1234567890', 34.99, '2008-05-26 05:58:38.000000', '2008-05-26 05:58:38.000000')[0m
Completed 201 Created in 41ms (Views: 2.6ms | ActiveRecord: 0.3ms)


Started POST "/books" for 192.168.0.17 at 2011-12-28 13:57:16 -0600
  Processing by BooksController#create as XML
  Parameters: {"book"=>{"author"=>"Ex Emel", "created_at"=>2008-05-26 05:58:38 UTC, "id"=>2, "isbn"=>"1234567890", "price"=>#<BigDecimal:9b47388,'0.3499E2',8(8)>, "title"=>"Posted via XML 2", "updated_at"=>2008-05-26 05:58:38 UTC}}
WARNING: Can't mass-assign protected attributes: id
  [1m[35mAREL (0.3ms)[0m  INSERT INTO "books" ("title", "author", "isbn", "price", "created_at", "updated_at") VALUES ('Posted via XML 2', 'Ex Emel', '1234567890', 34.99, '2008-05-26 05:58:38.000000', '2008-05-26 05:58:38.000000')
Completed 201 Created in 30ms (Views: 2.6ms | ActiveRecord: 0.3ms)


Started POST "/books" for 192.168.0.17 at 2011-12-28 13:57:43 -0600
  Processing by BooksController#create as XML
  Parameters: {"book"=>{"author"=>"Ex Emel", "created_at"=>2008-05-26 05:58:38 UTC, "id"=>2, "isbn"=>"1234567890", "price"=>#<BigDecimal:a0b0950,'0.3499E2',8(8)>, "title"=>"Posted via XML 2", "updated_at"=>2008-05-26 05:58:38 UTC}}
WARNING: Can't mass-assign protected attributes: id
  [1m[36mAREL (0.3ms)[0m  [1mINSERT INTO "books" ("title", "author", "isbn", "price", "created_at", "updated_at") VALUES ('Posted via XML 2', 'Ex Emel', '1234567890', 34.99, '2008-05-26 05:58:38.000000', '2008-05-26 05:58:38.000000')[0m
Completed 201 Created in 32ms (Views: 2.8ms | ActiveRecord: 0.3ms)


Started POST "/books" for 192.168.0.17 at 2011-12-28 14:01:22 -0600
  Processing by BooksController#create as XML
  Parameters: {"book"=>{"author"=>"Ex Emel", "created_at"=>2008-05-26 05:58:38 UTC, "id"=>2, "isbn"=>"1234567890", "price"=>#<BigDecimal:a2b3ce8,'0.3499E2',8(8)>, "title"=>"Posted via XML 2", "updated_at"=>2008-05-26 05:58:38 UTC}}
WARNING: Can't mass-assign protected attributes: id
  [1m[35mAREL (0.3ms)[0m  INSERT INTO "books" ("title", "author", "isbn", "price", "created_at", "updated_at") VALUES ('Posted via XML 2', 'Ex Emel', '1234567890', 34.99, '2008-05-26 05:58:38.000000', '2008-05-26 05:58:38.000000')
Completed 201 Created in 27ms (Views: 2.6ms | ActiveRecord: 0.3ms)


Started POST "/books" for 192.168.0.17 at 2011-12-28 14:02:57 -0600
  Processing by BooksController#create as XML
  Parameters: {"book"=>{"author"=>"Ex Emel", "created_at"=>2008-05-26 05:58:38 UTC, "id"=>2, "isbn"=>"1234567890", "price"=>#<BigDecimal:9f86110,'0.3499E2',8(8)>, "title"=>"Posted via XML 2", "updated_at"=>2008-05-26 05:58:38 UTC}}
WARNING: Can't mass-assign protected attributes: id
  [1m[36mAREL (0.3ms)[0m  [1mINSERT INTO "books" ("title", "author", "isbn", "price", "created_at", "updated_at") VALUES ('Posted via XML 2', 'Ex Emel', '1234567890', 34.99, '2008-05-26 05:58:38.000000', '2008-05-26 05:58:38.000000')[0m
Completed 201 Created in 66ms (Views: 3.1ms | ActiveRecord: 0.3ms)


Started POST "/books" for 192.168.0.17 at 2011-12-28 14:07:31 -0600
  Processing by BooksController#create as XML
  Parameters: {"book"=>{"author"=>"Ex Emel", "created_at"=>2008-05-26 05:58:38 UTC, "id"=>2, "isbn"=>"1234567890", "price"=>#<BigDecimal:a18ae0c,'0.3499E2',8(8)>, "title"=>"Posted via XML 2", "updated_at"=>2008-05-26 05:58:38 UTC}}
WARNING: Can't mass-assign protected attributes: id
  [1m[35mAREL (0.3ms)[0m  INSERT INTO "books" ("title", "author", "isbn", "price", "created_at", "updated_at") VALUES ('Posted via XML 2', 'Ex Emel', '1234567890', 34.99, '2008-05-26 05:58:38.000000', '2008-05-26 05:58:38.000000')
Completed 201 Created in 99ms (Views: 3.1ms | ActiveRecord: 0.3ms)


Started POST "/books" for 192.168.0.17 at 2011-12-28 14:11:05 -0600
  Processing by BooksController#create as XML
  Parameters: {"book"=>{"author"=>"Ex Emel", "created_at"=>2008-05-26 05:58:38 UTC, "id"=>2, "isbn"=>"1234567890", "price"=>#<BigDecimal:9ae2244,'0.3499E2',8(8)>, "title"=>"Posted via XML 2", "updated_at"=>2008-05-26 05:58:38 UTC}}
WARNING: Can't mass-assign protected attributes: id
  [1m[36mAREL (0.4ms)[0m  [1mINSERT INTO "books" ("title", "author", "isbn", "price", "created_at", "updated_at") VALUES ('Posted via XML 2', 'Ex Emel', '1234567890', 34.99, '2008-05-26 05:58:38.000000', '2008-05-26 05:58:38.000000')[0m
Completed 201 Created in 30ms (Views: 2.6ms | ActiveRecord: 0.4ms)


Started POST "/books" for 192.168.0.17 at 2011-12-28 14:16:33 -0600
  Processing by BooksController#create as XML
  Parameters: {"book"=>{"author"=>"Ex Emel", "created_at"=>2008-05-26 05:58:38 UTC, "id"=>2, "isbn"=>"1234567890", "price"=>#<BigDecimal:a07b318,'0.3499E2',8(8)>, "title"=>"Posted via XML 2", "updated_at"=>2008-05-26 05:58:38 UTC}}
WARNING: Can't mass-assign protected attributes: id
  [1m[35mAREL (0.3ms)[0m  INSERT INTO "books" ("title", "author", "isbn", "price", "created_at", "updated_at") VALUES ('Posted via XML 2', 'Ex Emel', '1234567890', 34.99, '2008-05-26 05:58:38.000000', '2008-05-26 05:58:38.000000')
Completed 201 Created in 61ms (Views: 21.9ms | ActiveRecord: 0.3ms)


Started POST "/books" for 192.168.0.17 at 2011-12-28 14:22:31 -0600
  Processing by BooksController#create as XML
  Parameters: {"book"=>{"author"=>"Ex Emel", "created_at"=>2008-05-26 05:58:38 UTC, "id"=>2, "isbn"=>"1234567890", "price"=>#<BigDecimal:a273b0c,'0.3499E2',8(8)>, "title"=>"Posted via XML 2", "updated_at"=>2008-05-26 05:58:38 UTC}}
WARNING: Can't mass-assign protected attributes: id
  [1m[36mAREL (0.4ms)[0m  [1mINSERT INTO "books" ("title", "author", "isbn", "price", "created_at", "updated_at") VALUES ('Posted via XML 2', 'Ex Emel', '1234567890', 34.99, '2008-05-26 05:58:38.000000', '2008-05-26 05:58:38.000000')[0m
Completed 201 Created in 44ms (Views: 3.1ms | ActiveRecord: 0.4ms)


Started GET "/books" for 192.168.0.17 at 2011-12-28 14:24:45 -0600
  Processing by BooksController#index as HTML
  [1m[35mBook Load (0.6ms)[0m  SELECT "books".* FROM "books"
Rendered books/index.html.erb within layouts/application (39.8ms)
Completed 200 OK in 50ms (Views: 42.7ms | ActiveRecord: 0.6ms)


Started POST "/books/1" for 192.168.0.17 at 2011-12-28 14:24:49 -0600
  Processing by BooksController#destroy as HTML
  Parameters: {"authenticity_token"=>"wNfCbQ52dXwKePAkdNKBt+5zpODWNvefBLK5eOlRpcw=", "id"=>"1"}
  [1m[36mBook Load (0.2ms)[0m  [1mSELECT "books".* FROM "books" WHERE "books"."id" = 1 LIMIT 1[0m
  [1m[35mAREL (0.2ms)[0m  DELETE FROM "books" WHERE "books"."id" = 1
Redirected to http://192.168.0.11:3000/books
Completed 302 Found in 27ms


Started GET "/books" for 192.168.0.17 at 2011-12-28 14:24:49 -0600
  Processing by BooksController#index as HTML
  [1m[36mBook Load (0.5ms)[0m  [1mSELECT "books".* FROM "books"[0m
Rendered books/index.html.erb within layouts/application (19.2ms)
Completed 200 OK in 29ms (Views: 22.2ms | ActiveRecord: 1.0ms)


Started POST "/books/5" for 192.168.0.17 at 2011-12-28 14:24:53 -0600
  Processing by BooksController#destroy as HTML
  Parameters: {"authenticity_token"=>"wNfCbQ52dXwKePAkdNKBt+5zpODWNvefBLK5eOlRpcw=", "id"=>"5"}
  [1m[35mBook Load (0.3ms)[0m  SELECT "books".* FROM "books" WHERE "books"."id" = 5 LIMIT 1
  [1m[36mAREL (0.2ms)[0m  [1mDELETE FROM "books" WHERE "books"."id" = 5[0m
Redirected to http://192.168.0.11:3000/books
Completed 302 Found in 43ms


Started GET "/books" for 192.168.0.17 at 2011-12-28 14:24:53 -0600
  Processing by BooksController#index as HTML
  [1m[35mBook Load (0.5ms)[0m  SELECT "books".* FROM "books"
Rendered books/index.html.erb within layouts/application (17.7ms)
Completed 200 OK in 27ms (Views: 20.6ms | ActiveRecord: 0.5ms)
